<?xml version="1.0" encoding="UTF-8"?>
<!-- Generated by org.testng.reporters.JUnitXMLReporter -->
<testsuite hostname="DESKTOP-648CC2F" ignored="0" name="Test" tests="1" failures="1" timestamp="14 Oct 2018 17:11:31 GMT" time="44.761" errors="0">
  <testcase name="correctLogin" time="30.003" classname="testcasespackage.LoginTestCases">
    <failure type="java.lang.NullPointerException">
      <![CDATA[java.lang.NullPointerException
at testcasespackage.LoginTestCases.correctLogin(LoginTestCases.java:32)
... Removed 25 stack frames]]>
    </failure>
  </testcase> <!-- correctLogin -->
</testsuite> <!-- Test -->
